<?xml version="1.0" encoding="UTF-8"?>
<!-- Generated by org.testng.reporters.JUnitReportReporter -->
<testsuite hostname="GERGESABDOU86DA" failures="0" tests="1" name="pattern_programming_in_java.Annotations" time="0.019" errors="0" timestamp="2023-02-01T19:05:28 EST" skipped="0">
  <testcase classname="pattern_programming_in_java.Annotations" name="test" time="0.019"/>
  <system-out/>
</testsuite> <!-- pattern_programming_in_java.Annotations -->
