<?xml version="1.0" encoding="UTF-8"?>
<!-- Generated by org.testng.reporters.JUnitReportReporter -->
<testsuite hostname="GERGESABDOU86DA" failures="0" tests="2" name="pattern_programming_in_java.SeleniumCode_UsingTestNG" time="15.714" errors="0" timestamp="2023-02-06T15:25:04 EST" skipped="0">
  <testcase classname="pattern_programming_in_java.SeleniumCode_UsingTestNG" name="clickOnSignInLink" time="6.247"/>
  <system-out/>
  <testcase classname="pattern_programming_in_java.SeleniumCode_UsingTestNG" name="clickOnMoneyLink" time="9.467"/>
  <system-out/>
</testsuite> <!-- pattern_programming_in_java.SeleniumCode_UsingTestNG -->
